[Nest] 1  - 10/03/2022, 1:30:10 PM     LOG open telemetry disabled
[Nest] 1  - 10/03/2022, 1:30:10 PM     LOG [NestFactory] Starting Nest application... +25ms
[Nest] 1  - 10/03/2022, 1:30:10 PM     LOG [InstanceLoader] StorageModule dependencies initialized +100ms
[Nest] 1  - 10/03/2022, 1:30:10 PM     LOG [InstanceLoader] DsbClientGatewayStorageModule dependencies initialized +0ms
[Nest] 1  - 10/03/2022, 1:30:10 PM     LOG [InstanceLoader] TypeOrmModule dependencies initialized +1ms
[Nest] 1  - 10/03/2022, 1:30:10 PM     LOG [InstanceLoader] DdhubClientGatewayTracingModule_1 dependencies initialized +1ms
[Nest] 1  - 10/03/2022, 1:30:10 PM     LOG [InstanceLoader] OpenTelemetryModule dependencies initialized +0ms
[Nest] 1  - 10/03/2022, 1:30:10 PM     LOG [InstanceLoader] ConfigHostModule dependencies initialized +2ms
[Nest] 1  - 10/03/2022, 1:30:10 PM     LOG [InstanceLoader] DiscoveryModule dependencies initialized +1ms
[Nest] 1  - 10/03/2022, 1:30:10 PM     LOG [InstanceLoader] ConfigModule dependencies initialized +1ms
[Nest] 1  - 10/03/2022, 1:30:10 PM     LOG [InstanceLoader] ConfigModule dependencies initialized +0ms
[Nest] 1  - 10/03/2022, 1:30:10 PM     LOG [InstanceLoader] ScheduleModule dependencies initialized +1ms
[Nest] 1  - 10/03/2022, 1:30:10 PM     LOG [InstanceLoader] CqrsModule dependencies initialized +0ms
azure:identity:info EnvironmentCredential => Found the following environment variables: AZURE_TENANT_ID, AZURE_CLIENT_ID, AZURE_CLIENT_SECRET
azure:identity:info EnvironmentCredential => Invoking ClientSecretCredential with tenant ID: 15e3f637-fd1f-4e29-a2aa-4a945768e129, clientId: dcba8e68-5c1d-404b-93df-27dfd0fc972a and clientSecret: [REDACTED]
azure:core-client:warning The baseUri option for SDK Clients has been deprecated, please use endpoint instead.
azure:core-client:warning The baseUri option for SDK Clients has been deprecated, please use endpoint instead.
azure:core-client:warning The baseUri option for SDK Clients has been deprecated, please use endpoint instead.
azure:identity:info VisualStudioCodeCredential => Failed to load the Visual Studio Code configuration file. Error: ENOENT: no such file or directory, open '/home/node/.config/Code/User/settings.json'
azure:core-client:warning The baseUri option for SDK Clients has been deprecated, please use endpoint instead.
azure:core-http:info ServiceClient: using custom request policies
[Nest] 1  - 10/03/2022, 1:30:10 PM     LOG [AzureKeyVaultService_1] Azure Key Vault Service initialized
[Nest] 1  - 10/03/2022, 1:30:10 PM     LOG [SecretsCacheProxyService_1] refreshing certificate
azure:keyvault-secrets:info Request: {
  "streamResponseStatusCodes": {},
  "url": "https://aemo-vc-vault.vault.azure.net/secrets/ddhubtest1-certificate-private-key/?api-version=7.3",
  "method": "GET",
  "headers": {
    "_headersMap": {
      "accept": "application/json",
      "user-agent": "azsdk-js-keyvault-secrets/4.4.0 core-http/2.2.5 Node/v16.10.0 OS/(x64-Linux-5.4.0-1085-azure)",
      "x-ms-client-request-id": "dc1b834a-4281-44ec-9c3e-1d50faac4c7b"
    }
  },
  "withCredentials": false,
  "timeout": 0,
  "keepAlive": true,
  "requestId": "dc1b834a-4281-44ec-9c3e-1d50faac4c7b"
}
azure:keyvault-secrets:info Request: {
  "streamResponseStatusCodes": {},
  "url": "https://aemo-vc-vault.vault.azure.net/secrets/ddhubtest1-certificate-certificate/?api-version=7.3",
  "method": "GET",
  "headers": {
    "_headersMap": {
      "accept": "application/json",
      "user-agent": "azsdk-js-keyvault-secrets/4.4.0 core-http/2.2.5 Node/v16.10.0 OS/(x64-Linux-5.4.0-1085-azure)",
      "x-ms-client-request-id": "78ddc870-c11f-46bd-b972-0ee44c296635"
    }
  },
  "withCredentials": false,
  "timeout": 0,
  "keepAlive": true,
  "requestId": "78ddc870-c11f-46bd-b972-0ee44c296635"
}
azure:keyvault-secrets:info Request: {
  "streamResponseStatusCodes": {},
  "url": "https://aemo-vc-vault.vault.azure.net/secrets/ddhubtest1-certificate-ca-certificate/?api-version=7.3",
  "method": "GET",
  "headers": {
    "_headersMap": {
      "accept": "application/json",
      "user-agent": "azsdk-js-keyvault-secrets/4.4.0 core-http/2.2.5 Node/v16.10.0 OS/(x64-Linux-5.4.0-1085-azure)",
      "x-ms-client-request-id": "56a610d5-a7ae-4bcc-854b-21be16b66e05"
    }
  },
  "withCredentials": false,
  "timeout": 0,
  "keepAlive": true,
  "requestId": "56a610d5-a7ae-4bcc-854b-21be16b66e05"
}
[Nest] 1  - 10/03/2022, 1:30:10 PM     LOG [SecretsCacheProxyService_1] refreshing private key
azure:keyvault-secrets:info Request: {
  "streamResponseStatusCodes": {},
  "url": "https://aemo-vc-vault.vault.azure.net/secrets/ddhubtest1-identity-private-key/?api-version=7.3",
  "method": "GET",
  "headers": {
    "_headersMap": {
      "accept": "application/json",
      "user-agent": "azsdk-js-keyvault-secrets/4.4.0 core-http/2.2.5 Node/v16.10.0 OS/(x64-Linux-5.4.0-1085-azure)",
      "x-ms-client-request-id": "f34d59c8-1233-46e7-8560-697da90eed02"
    }
  },
  "withCredentials": false,
  "timeout": 0,
  "keepAlive": true,
  "requestId": "f34d59c8-1233-46e7-8560-697da90eed02"
}
[Nest] 1  - 10/03/2022, 1:30:10 PM     LOG [SecretsCacheProxyService_1] refreshing RSA private key
azure:keyvault-secrets:info Request: {
  "streamResponseStatusCodes": {},
  "url": "https://aemo-vc-vault.vault.azure.net/secrets/ddhubtest1-rsa-key/?api-version=7.3",
  "method": "GET",
  "headers": {
    "_headersMap": {
      "accept": "application/json",
      "user-agent": "azsdk-js-keyvault-secrets/4.4.0 core-http/2.2.5 Node/v16.10.0 OS/(x64-Linux-5.4.0-1085-azure)",
      "x-ms-client-request-id": "b7ed70d7-544a-42a9-b690-1200f475f3f9"
    }
  },
  "withCredentials": false,
  "timeout": 0,
  "keepAlive": true,
  "requestId": "b7ed70d7-544a-42a9-b690-1200f475f3f9"
}
[Nest] 1  - 10/03/2022, 1:30:10 PM     LOG [InstanceLoader] DdhubClientGatewayUtilsModule dependencies initialized +111ms
[Nest] 1  - 10/03/2022, 1:30:10 PM     LOG [InstanceLoader] OpenTelemetryModule dependencies initialized +0ms
[Nest] 1  - 10/03/2022, 1:30:10 PM     LOG [InstanceLoader] HeartbeatModule dependencies initialized +1ms
[Nest] 1  - 10/03/2022, 1:30:10 PM     LOG [InstanceLoader] DidRegistryModule dependencies initialized +1ms
[Nest] 1  - 10/03/2022, 1:30:10 PM     LOG [InstanceLoader] HttpModule dependencies initialized +3ms
[Nest] 1  - 10/03/2022, 1:30:10 PM     LOG [InstanceLoader] HttpModule dependencies initialized +0ms
[Nest] 1  - 10/03/2022, 1:30:11 PM     LOG [InstanceLoader] TypeOrmCoreModule dependencies initialized +172ms
[Nest] 1  - 10/03/2022, 1:30:11 PM     LOG [InstanceLoader] TypeOrmModule dependencies initialized +2ms
[Nest] 1  - 10/03/2022, 1:30:11 PM     LOG [InstanceLoader] TypeOrmModule dependencies initialized +1ms
[Nest] 1  - 10/03/2022, 1:30:11 PM     LOG [InstanceLoader] TypeOrmModule dependencies initialized +1ms
[Nest] 1  - 10/03/2022, 1:30:11 PM     LOG [InstanceLoader] TypeOrmModule dependencies initialized +2ms
[Nest] 1  - 10/03/2022, 1:30:11 PM     LOG [InstanceLoader] TypeOrmModule dependencies initialized +1ms
[Nest] 1  - 10/03/2022, 1:30:11 PM     LOG [InstanceLoader] TypeOrmModule dependencies initialized +2ms
[Nest] 1  - 10/03/2022, 1:30:11 PM     LOG [InstanceLoader] TypeOrmModule dependencies initialized +1ms
[Nest] 1  - 10/03/2022, 1:30:11 PM     LOG [InstanceLoader] TypeOrmModule dependencies initialized +2ms
[Nest] 1  - 10/03/2022, 1:30:11 PM     LOG [InstanceLoader] TypeOrmModule dependencies initialized +1ms
[Nest] 1  - 10/03/2022, 1:30:11 PM     LOG [InstanceLoader] TypeOrmModule dependencies initialized +2ms
[Nest] 1  - 10/03/2022, 1:30:11 PM     LOG [InstanceLoader] TypeOrmModule dependencies initialized +1ms
[Nest] 1  - 10/03/2022, 1:30:11 PM     LOG [InstanceLoader] TypeOrmModule dependencies initialized +3ms
[Nest] 1  - 10/03/2022, 1:30:11 PM     LOG [InstanceLoader] TopicRepositoryModule dependencies initialized +1ms
[Nest] 1  - 10/03/2022, 1:30:11 PM     LOG [InstanceLoader] EventsRepositoryModule dependencies initialized +1ms
[Nest] 1  - 10/03/2022, 1:30:11 PM     LOG [InstanceLoader] DidRepositoryModule dependencies initialized +0ms
[Nest] 1  - 10/03/2022, 1:30:11 PM     LOG [InstanceLoader] ChannelRepositoryModule dependencies initialized +1ms
[Nest] 1  - 10/03/2022, 1:30:11 PM     LOG [InstanceLoader] CronRepositoryModule dependencies initialized +0ms
[Nest] 1  - 10/03/2022, 1:30:11 PM     LOG [InstanceLoader] EnrolmentRepositoryModule dependencies initialized +1ms
[Nest] 1  - 10/03/2022, 1:30:11 PM     LOG [InstanceLoader] IdentityRepositoryModule dependencies initialized +0ms
[Nest] 1  - 10/03/2022, 1:30:11 PM     LOG [InstanceLoader] SymmetricKeysRepositoryModule dependencies initialized +1ms
[Nest] 1  - 10/03/2022, 1:30:11 PM     LOG [InstanceLoader] ApplicationRepositoryModule dependencies initialized +1ms
[Nest] 1  - 10/03/2022, 1:30:11 PM     LOG [InstanceLoader] TopicMonitorRepositoryModule dependencies initialized +0ms
[Nest] 1  - 10/03/2022, 1:30:11 PM     LOG [InstanceLoader] FileMetadataRepositoryModule dependencies initialized +1ms
[Nest] 1  - 10/03/2022, 1:30:11 PM     LOG [InstanceLoader] ClientRepositoryModule dependencies initialized +0ms
[Nest] 1  - 10/03/2022, 1:30:11 PM     LOG [InstanceLoader] DdhubClientGatewayEnrolmentModule dependencies initialized +2ms
[Nest] 1  - 10/03/2022, 1:30:11 PM     LOG [InstanceLoader] ChannelModule dependencies initialized +0ms
[Nest] 1  - 10/03/2022, 1:30:11 PM     LOG [InstanceLoader] MessageModule dependencies initialized +1ms
[Nest] 1  - 10/03/2022, 1:30:11 PM     LOG [InstanceLoader] FileMessagesModule dependencies initialized +0ms
[Nest] 1  - 10/03/2022, 1:30:11 PM     LOG [InstanceLoader] DdhubClientGatewayEventsModule dependencies initialized +1ms
[Nest] 1  - 10/03/2022, 1:30:11 PM     LOG [InstanceLoader] EnrolmentModule dependencies initialized +1ms
azure:keyvault-secrets:info Response status code: 401
azure:keyvault-secrets:info Headers: {
  "_headersMap": {
    "cache-control": "no-cache",
    "content-length": "97",
    "content-type": "application/json; charset=utf-8",
    "date": "Mon, 03 Oct 2022 13:30:11 GMT",
    "expires": "-1",
    "pragma": "no-cache",
    "strict-transport-security": "REDACTED",
    "www-authenticate": "Bearer authorization=\"https://login.windows.net/15e3f637-fd1f-4e29-a2aa-4a945768e129\", resource=\"https://vault.azure.net\"",
    "x-content-type-options": "REDACTED",
    "x-ms-client-request-id": "56a610d5-a7ae-4bcc-854b-21be16b66e05",
    "x-ms-keyvault-network-info": "conn_type=Ipv4;addr=20.193.14.12;act_addr_fam=InterNetwork;",
    "x-ms-keyvault-region": "eastus",
    "x-ms-keyvault-service-version": "1.9.538.1",
    "x-ms-request-id": "260d24be-82db-4a03-99ea-8c394fe0f98b"
  }
}
azure:identity:info ClientSecretCredential => MSAL Node V2 info message: [Mon, 03 Oct 2022 13:30:11 GMT] : @azure/msal-node@1.10.0 : Info - getTokenCache called
azure:identity:info ClientSecretCredential => More than one account was found authenticated for this Client ID and Tenant ID.
However, no "authenticationRecord" has been provided for this credential,
therefore we're unable to pick between these accounts.
A new login attempt will be requested, to ensure the correct account is picked.
To work with multiple accounts for the same Client ID and Tenant ID, please provide an "authenticationRecord" when initializing a credential to prevent this from happening.
azure:identity:info ClientSecretCredential => Silent authentication failed, falling back to interactive method.
azure:identity:info ClientSecretCredential => MSAL Node V2 info message: [Mon, 03 Oct 2022 13:30:11 GMT] : [c4f892ab-b3bb-4b55-b34a-781f38e69714] : @azure/msal-node@1.10.0 : Info - acquireTokenByClientCredential called
azure:core-rest-pipeline retryPolicy:info Retry 0: Attempting to send request 221003df-d2e9-4cf7-966a-41888aa393d0
azure:core-rest-pipeline:info Request: {
  "url": "https://login.microsoftonline.com/common/discovery/instance?api-version=1.1&authorization_endpoint=REDACTED",
  "headers": {
    "accept-encoding": "gzip,deflate",
    "user-agent": "azsdk-js-identity/2.0.5 core-rest-pipeline/1.9.0 Node/v16.10.0 OS/(x64-Linux-5.4.0-1085-azure)",
    "x-ms-client-request-id": "221003df-d2e9-4cf7-966a-41888aa393d0"
  },
  "method": "GET",
  "timeout": 0,
  "disableKeepAlive": false,
  "withCredentials": false,
  "abortSignal": {},
  "requestId": "221003df-d2e9-4cf7-966a-41888aa393d0",
  "allowInsecureConnection": false,
  "enableBrowserStreams": false
}
azure:core-rest-pipeline:info No cached TLS Agent exist, creating a new Agent
azure:keyvault-secrets:info Response status code: 401
azure:keyvault-secrets:info Headers: {
  "_headersMap": {
    "cache-control": "no-cache",
    "content-length": "97",
    "content-type": "application/json; charset=utf-8",
    "date": "Mon, 03 Oct 2022 13:30:10 GMT",
    "expires": "-1",
    "pragma": "no-cache",
    "strict-transport-security": "REDACTED",
    "www-authenticate": "Bearer authorization=\"https://login.windows.net/15e3f637-fd1f-4e29-a2aa-4a945768e129\", resource=\"https://vault.azure.net\"",
    "x-content-type-options": "REDACTED",
    "x-ms-client-request-id": "b7ed70d7-544a-42a9-b690-1200f475f3f9",
    "x-ms-keyvault-network-info": "conn_type=Ipv4;addr=20.193.14.12;act_addr_fam=InterNetwork;",
    "x-ms-keyvault-region": "eastus",
    "x-ms-keyvault-service-version": "1.9.538.1",
    "x-ms-request-id": "e55f8e0b-8735-4c53-b6b4-647ee4fd34fd"
  }
}
azure:identity:info ClientSecretCredential => MSAL Node V2 info message: [Mon, 03 Oct 2022 13:30:11 GMT] : @azure/msal-node@1.10.0 : Info - getTokenCache called
azure:identity:info ClientSecretCredential => More than one account was found authenticated for this Client ID and Tenant ID.
However, no "authenticationRecord" has been provided for this credential,
therefore we're unable to pick between these accounts.
A new login attempt will be requested, to ensure the correct account is picked.
To work with multiple accounts for the same Client ID and Tenant ID, please provide an "authenticationRecord" when initializing a credential to prevent this from happening.
azure:identity:info ClientSecretCredential => Silent authentication failed, falling back to interactive method.
azure:identity:info ClientSecretCredential => MSAL Node V2 info message: [Mon, 03 Oct 2022 13:30:11 GMT] : [ff238769-d717-4e2b-a395-14f2a30c7495] : @azure/msal-node@1.10.0 : Info - acquireTokenByClientCredential called
azure:core-rest-pipeline retryPolicy:info Retry 0: Attempting to send request a31ceb03-34f9-41fb-861d-075079af57c4
azure:core-rest-pipeline:info Request: {
  "url": "https://login.microsoftonline.com/common/discovery/instance?api-version=1.1&authorization_endpoint=REDACTED",
  "headers": {
    "accept-encoding": "gzip,deflate",
    "user-agent": "azsdk-js-identity/2.0.5 core-rest-pipeline/1.9.0 Node/v16.10.0 OS/(x64-Linux-5.4.0-1085-azure)",
    "x-ms-client-request-id": "a31ceb03-34f9-41fb-861d-075079af57c4"
  },
  "method": "GET",
  "timeout": 0,
  "disableKeepAlive": false,
  "withCredentials": false,
  "abortSignal": {},
  "requestId": "a31ceb03-34f9-41fb-861d-075079af57c4",
  "allowInsecureConnection": false,
  "enableBrowserStreams": false
}
azure:keyvault-secrets:info Response status code: 401
azure:keyvault-secrets:info Headers: {
  "_headersMap": {
    "cache-control": "no-cache",
    "content-length": "97",
    "content-type": "application/json; charset=utf-8",
    "date": "Mon, 03 Oct 2022 13:30:10 GMT",
    "expires": "-1",
    "pragma": "no-cache",
    "strict-transport-security": "REDACTED",
    "www-authenticate": "Bearer authorization=\"https://login.windows.net/15e3f637-fd1f-4e29-a2aa-4a945768e129\", resource=\"https://vault.azure.net\"",
    "x-content-type-options": "REDACTED",
    "x-ms-client-request-id": "f34d59c8-1233-46e7-8560-697da90eed02",
    "x-ms-keyvault-network-info": "conn_type=Ipv4;addr=20.193.14.12;act_addr_fam=InterNetwork;",
    "x-ms-keyvault-region": "eastus",
    "x-ms-keyvault-service-version": "1.9.538.1",
    "x-ms-request-id": "3f7ced72-0ecc-413e-bb09-da0b7197522e"
  }
}
azure:identity:info ClientSecretCredential => MSAL Node V2 info message: [Mon, 03 Oct 2022 13:30:11 GMT] : @azure/msal-node@1.10.0 : Info - getTokenCache called
azure:identity:info ClientSecretCredential => More than one account was found authenticated for this Client ID and Tenant ID.
However, no "authenticationRecord" has been provided for this credential,
therefore we're unable to pick between these accounts.
A new login attempt will be requested, to ensure the correct account is picked.
To work with multiple accounts for the same Client ID and Tenant ID, please provide an "authenticationRecord" when initializing a credential to prevent this from happening.
azure:identity:info ClientSecretCredential => Silent authentication failed, falling back to interactive method.
azure:identity:info ClientSecretCredential => MSAL Node V2 info message: [Mon, 03 Oct 2022 13:30:11 GMT] : [336e88c6-423e-4473-96f9-463804b44960] : @azure/msal-node@1.10.0 : Info - acquireTokenByClientCredential called
azure:core-rest-pipeline retryPolicy:info Retry 0: Attempting to send request 1a5dac3b-dff2-4b8d-bb56-69964be8ccdf
azure:core-rest-pipeline:info Request: {
  "url": "https://login.microsoftonline.com/common/discovery/instance?api-version=1.1&authorization_endpoint=REDACTED",
  "headers": {
    "accept-encoding": "gzip,deflate",
    "user-agent": "azsdk-js-identity/2.0.5 core-rest-pipeline/1.9.0 Node/v16.10.0 OS/(x64-Linux-5.4.0-1085-azure)",
    "x-ms-client-request-id": "1a5dac3b-dff2-4b8d-bb56-69964be8ccdf"
  },
  "method": "GET",
  "timeout": 0,
  "disableKeepAlive": false,
  "withCredentials": false,
  "abortSignal": {},
  "requestId": "1a5dac3b-dff2-4b8d-bb56-69964be8ccdf",
  "allowInsecureConnection": false,
  "enableBrowserStreams": false
}
azure:keyvault-secrets:info Response status code: 401
azure:keyvault-secrets:info Headers: {
  "_headersMap": {
    "cache-control": "no-cache",
    "content-length": "97",
    "content-type": "application/json; charset=utf-8",
    "date": "Mon, 03 Oct 2022 13:30:11 GMT",
    "expires": "-1",
    "pragma": "no-cache",
    "strict-transport-security": "REDACTED",
    "www-authenticate": "Bearer authorization=\"https://login.windows.net/15e3f637-fd1f-4e29-a2aa-4a945768e129\", resource=\"https://vault.azure.net\"",
    "x-content-type-options": "REDACTED",
    "x-ms-client-request-id": "dc1b834a-4281-44ec-9c3e-1d50faac4c7b",
    "x-ms-keyvault-network-info": "conn_type=Ipv4;addr=20.193.14.12;act_addr_fam=InterNetwork;",
    "x-ms-keyvault-region": "eastus",
    "x-ms-keyvault-service-version": "1.9.538.1",
    "x-ms-request-id": "da5f8c41-82f3-4f71-8d61-fc3d0a742c3a"
  }
}
azure:identity:info ClientSecretCredential => MSAL Node V2 info message: [Mon, 03 Oct 2022 13:30:11 GMT] : @azure/msal-node@1.10.0 : Info - getTokenCache called
azure:identity:info ClientSecretCredential => More than one account was found authenticated for this Client ID and Tenant ID.
However, no "authenticationRecord" has been provided for this credential,
therefore we're unable to pick between these accounts.
A new login attempt will be requested, to ensure the correct account is picked.
To work with multiple accounts for the same Client ID and Tenant ID, please provide an "authenticationRecord" when initializing a credential to prevent this from happening.
azure:identity:info ClientSecretCredential => Silent authentication failed, falling back to interactive method.
azure:identity:info ClientSecretCredential => MSAL Node V2 info message: [Mon, 03 Oct 2022 13:30:11 GMT] : [bdd7f195-0895-4cc4-949b-166c18fc8fc9] : @azure/msal-node@1.10.0 : Info - acquireTokenByClientCredential called
azure:core-rest-pipeline retryPolicy:info Retry 0: Attempting to send request caa2eca0-7757-47f3-b3be-0dda1497f2c0
azure:core-rest-pipeline:info Request: {
  "url": "https://login.microsoftonline.com/common/discovery/instance?api-version=1.1&authorization_endpoint=REDACTED",
  "headers": {
    "accept-encoding": "gzip,deflate",
    "user-agent": "azsdk-js-identity/2.0.5 core-rest-pipeline/1.9.0 Node/v16.10.0 OS/(x64-Linux-5.4.0-1085-azure)",
    "x-ms-client-request-id": "caa2eca0-7757-47f3-b3be-0dda1497f2c0"
  },
  "method": "GET",
  "timeout": 0,
  "disableKeepAlive": false,
  "withCredentials": false,
  "abortSignal": {},
  "requestId": "caa2eca0-7757-47f3-b3be-0dda1497f2c0",
  "allowInsecureConnection": false,
  "enableBrowserStreams": false
}
azure:keyvault-secrets:info Response status code: 401
azure:keyvault-secrets:info Headers: {
  "_headersMap": {
    "cache-control": "no-cache",
    "content-length": "97",
    "content-type": "application/json; charset=utf-8",
    "date": "Mon, 03 Oct 2022 13:30:11 GMT",
    "expires": "-1",
    "pragma": "no-cache",
    "strict-transport-security": "REDACTED",
    "www-authenticate": "Bearer authorization=\"https://login.windows.net/15e3f637-fd1f-4e29-a2aa-4a945768e129\", resource=\"https://vault.azure.net\"",
    "x-content-type-options": "REDACTED",
    "x-ms-client-request-id": "78ddc870-c11f-46bd-b972-0ee44c296635",
    "x-ms-keyvault-network-info": "conn_type=Ipv4;addr=20.193.14.12;act_addr_fam=InterNetwork;",
    "x-ms-keyvault-region": "eastus",
    "x-ms-keyvault-service-version": "1.9.538.1",
    "x-ms-request-id": "163aac6e-32e8-4e07-94a4-943447163242"
  }
}
azure:identity:info ClientSecretCredential => MSAL Node V2 info message: [Mon, 03 Oct 2022 13:30:11 GMT] : @azure/msal-node@1.10.0 : Info - getTokenCache called
azure:identity:info ClientSecretCredential => More than one account was found authenticated for this Client ID and Tenant ID.
However, no "authenticationRecord" has been provided for this credential,
therefore we're unable to pick between these accounts.
A new login attempt will be requested, to ensure the correct account is picked.
To work with multiple accounts for the same Client ID and Tenant ID, please provide an "authenticationRecord" when initializing a credential to prevent this from happening.
azure:identity:info ClientSecretCredential => Silent authentication failed, falling back to interactive method.
azure:identity:info ClientSecretCredential => MSAL Node V2 info message: [Mon, 03 Oct 2022 13:30:11 GMT] : [34b0e507-a523-4a19-89c5-58a3ea06f9dc] : @azure/msal-node@1.10.0 : Info - acquireTokenByClientCredential called
azure:core-rest-pipeline retryPolicy:info Retry 0: Attempting to send request 8a402ee1-14ac-44e6-a922-1a6c7418d5a5
azure:core-rest-pipeline:info Request: {
  "url": "https://login.microsoftonline.com/common/discovery/instance?api-version=1.1&authorization_endpoint=REDACTED",
  "headers": {
    "accept-encoding": "gzip,deflate",
    "user-agent": "azsdk-js-identity/2.0.5 core-rest-pipeline/1.9.0 Node/v16.10.0 OS/(x64-Linux-5.4.0-1085-azure)",
    "x-ms-client-request-id": "8a402ee1-14ac-44e6-a922-1a6c7418d5a5"
  },
  "method": "GET",
  "timeout": 0,
  "disableKeepAlive": false,
  "withCredentials": false,
  "abortSignal": {},
  "requestId": "8a402ee1-14ac-44e6-a922-1a6c7418d5a5",
  "allowInsecureConnection": false,
  "enableBrowserStreams": false
}
azure:core-rest-pipeline:info Response status code: 200
azure:core-rest-pipeline:info Headers: {
  "cache-control": "max-age=86400, private",
  "content-type": "application/json; charset=utf-8",
  "strict-transport-security": "max-age=31536000; includeSubDomains",
  "x-content-type-options": "nosniff",
  "access-control-allow-origin": "*",
  "access-control-allow-methods": "GET, OPTIONS",
  "p3p": "CP=\"DSP CUR OTPi IND OTRi ONL FIN\"",
  "x-ms-request-id": "1f43b4f6-1518-42bd-a0f4-29e222c40c00",
  "x-ms-ests-server": "2.1.13777.6 - AUSELR1 ProdSlices",
  "x-xss-protection": "0",
  "set-cookie": "fpc=ApRyQISolw9Lgqd8vol8bVI; expires=Wed, 02-Nov-2022 13:30:11 GMT; path=/; secure; HttpOnly; SameSite=None",
  "date": "Mon, 03 Oct 2022 13:30:11 GMT",
  "content-length": "980"
}
azure:core-rest-pipeline retryPolicy:info Retry 0: Received a response from request caa2eca0-7757-47f3-b3be-0dda1497f2c0
azure:core-rest-pipeline retryPolicy:info Retry 0: Processing 2 retry strategies.
azure:core-rest-pipeline retryPolicy:info Retry 0: Processing retry strategy throttlingRetryStrategy.
azure:core-rest-pipeline retryPolicy:info Retry 0: Skipped.
azure:core-rest-pipeline retryPolicy:info Retry 0: Processing retry strategy exponentialRetryStrategy.
azure:core-rest-pipeline retryPolicy:info Retry 0: Skipped.
azure:core-rest-pipeline retryPolicy:info None of the retry strategies could work with the received response. Returning it.
azure:core-rest-pipeline retryPolicy:info Retry 0: Attempting to send request 5830d177-715e-42e0-9aa9-3e977532a567
azure:core-rest-pipeline:info Request: {
  "url": "https://login.microsoftonline.com/15e3f637-fd1f-4e29-a2aa-4a945768e129/v2.0/.well-known/openid-configuration",
  "headers": {
    "accept-encoding": "gzip,deflate",
    "user-agent": "azsdk-js-identity/2.0.5 core-rest-pipeline/1.9.0 Node/v16.10.0 OS/(x64-Linux-5.4.0-1085-azure)",
    "x-ms-client-request-id": "5830d177-715e-42e0-9aa9-3e977532a567"
  },
  "method": "GET",
  "timeout": 0,
  "disableKeepAlive": false,
  "withCredentials": false,
  "abortSignal": {},
  "requestId": "5830d177-715e-42e0-9aa9-3e977532a567",
  "allowInsecureConnection": false,
  "enableBrowserStreams": false
}
azure:core-rest-pipeline:info Response status code: 200
azure:core-rest-pipeline:info Headers: {
  "cache-control": "max-age=86400, private",
  "content-type": "application/json; charset=utf-8",
  "strict-transport-security": "max-age=31536000; includeSubDomains",
  "x-content-type-options": "nosniff",
  "access-control-allow-origin": "*",
  "access-control-allow-methods": "GET, OPTIONS",
  "p3p": "CP=\"DSP CUR OTPi IND OTRi ONL FIN\"",
  "x-ms-request-id": "ad5e2657-0bd6-4da2-8900-6550ce9a3600",
  "x-ms-ests-server": "2.1.13777.6 - AUELR2 ProdSlices",
  "x-xss-protection": "0",
  "set-cookie": "fpc=ArJVY5vFquxFkian4BGIfWo; expires=Wed, 02-Nov-2022 13:30:11 GMT; path=/; secure; HttpOnly; SameSite=None",
  "date": "Mon, 03 Oct 2022 13:30:11 GMT",
  "content-length": "980"
}
azure:core-rest-pipeline retryPolicy:info Retry 0: Received a response from request 1a5dac3b-dff2-4b8d-bb56-69964be8ccdf
azure:core-rest-pipeline retryPolicy:info Retry 0: Processing 2 retry strategies.
azure:core-rest-pipeline retryPolicy:info Retry 0: Processing retry strategy throttlingRetryStrategy.
azure:core-rest-pipeline retryPolicy:info Retry 0: Skipped.
azure:core-rest-pipeline retryPolicy:info Retry 0: Processing retry strategy exponentialRetryStrategy.
azure:core-rest-pipeline retryPolicy:info Retry 0: Skipped.
azure:core-rest-pipeline retryPolicy:info None of the retry strategies could work with the received response. Returning it.
azure:core-rest-pipeline retryPolicy:info Retry 0: Attempting to send request 9557a606-b514-48a5-a6e3-7263dd55b9c2
azure:core-rest-pipeline:info Request: {
  "url": "https://login.microsoftonline.com/15e3f637-fd1f-4e29-a2aa-4a945768e129/v2.0/.well-known/openid-configuration",
  "headers": {
    "accept-encoding": "gzip,deflate",
    "user-agent": "azsdk-js-identity/2.0.5 core-rest-pipeline/1.9.0 Node/v16.10.0 OS/(x64-Linux-5.4.0-1085-azure)",
    "x-ms-client-request-id": "9557a606-b514-48a5-a6e3-7263dd55b9c2"
  },
  "method": "GET",
  "timeout": 0,
  "disableKeepAlive": false,
  "withCredentials": false,
  "abortSignal": {},
  "requestId": "9557a606-b514-48a5-a6e3-7263dd55b9c2",
  "allowInsecureConnection": false,
  "enableBrowserStreams": false
}
azure:core-rest-pipeline:info Response status code: 200
azure:core-rest-pipeline:info Headers: {
  "cache-control": "max-age=86400, private",
  "content-type": "application/json; charset=utf-8",
  "strict-transport-security": "max-age=31536000; includeSubDomains",
  "x-content-type-options": "nosniff",
  "access-control-allow-origin": "*",
  "access-control-allow-methods": "GET, OPTIONS",
  "p3p": "CP=\"DSP CUR OTPi IND OTRi ONL FIN\"",
  "x-ms-request-id": "b67864cd-2825-4a31-a80b-3ef6b9325f00",
  "x-ms-ests-server": "2.1.13777.6 - AUSELR1 ProdSlices",
  "x-xss-protection": "0",
  "set-cookie": "fpc=Am9R1jD-g5JMl_Jlk4A3Gy8; expires=Wed, 02-Nov-2022 13:30:11 GMT; path=/; secure; HttpOnly; SameSite=None",
  "date": "Mon, 03 Oct 2022 13:30:11 GMT",
  "content-length": "980"
}
azure:core-rest-pipeline retryPolicy:info Retry 0: Received a response from request 221003df-d2e9-4cf7-966a-41888aa393d0
azure:core-rest-pipeline retryPolicy:info Retry 0: Processing 2 retry strategies.
azure:core-rest-pipeline retryPolicy:info Retry 0: Processing retry strategy throttlingRetryStrategy.
azure:core-rest-pipeline retryPolicy:info Retry 0: Skipped.
azure:core-rest-pipeline retryPolicy:info Retry 0: Processing retry strategy exponentialRetryStrategy.
azure:core-rest-pipeline retryPolicy:info Retry 0: Skipped.
azure:core-rest-pipeline retryPolicy:info None of the retry strategies could work with the received response. Returning it.
azure:core-rest-pipeline retryPolicy:info Retry 0: Attempting to send request f0d0bbc4-3ea0-41ad-8a63-0c15e67abd58
azure:core-rest-pipeline:info Request: {
  "url": "https://login.microsoftonline.com/15e3f637-fd1f-4e29-a2aa-4a945768e129/v2.0/.well-known/openid-configuration",
  "headers": {
    "accept-encoding": "gzip,deflate",
    "user-agent": "azsdk-js-identity/2.0.5 core-rest-pipeline/1.9.0 Node/v16.10.0 OS/(x64-Linux-5.4.0-1085-azure)",
    "x-ms-client-request-id": "f0d0bbc4-3ea0-41ad-8a63-0c15e67abd58"
  },
  "method": "GET",
  "timeout": 0,
  "disableKeepAlive": false,
  "withCredentials": false,
  "abortSignal": {},
  "requestId": "f0d0bbc4-3ea0-41ad-8a63-0c15e67abd58",
  "allowInsecureConnection": false,
  "enableBrowserStreams": false
}
azure:core-rest-pipeline:info Response status code: 200
azure:core-rest-pipeline:info Headers: {
  "cache-control": "max-age=86400, private",
  "content-type": "application/json; charset=utf-8",
  "strict-transport-security": "max-age=31536000; includeSubDomains",
  "x-content-type-options": "nosniff",
  "access-control-allow-origin": "*",
  "access-control-allow-methods": "GET, OPTIONS",
  "p3p": "CP=\"DSP CUR OTPi IND OTRi ONL FIN\"",
  "x-ms-request-id": "7e61a787-3da7-42bd-804a-f43d293c5f00",
  "x-ms-ests-server": "2.1.13777.6 - AUELR1 ProdSlices",
  "x-xss-protection": "0",
  "set-cookie": "fpc=Ar2vjxmiXAdHhobbUlABszM; expires=Wed, 02-Nov-2022 13:30:11 GMT; path=/; secure; HttpOnly; SameSite=None",
  "date": "Mon, 03 Oct 2022 13:30:10 GMT",
  "content-length": "980"
}
azure:core-rest-pipeline retryPolicy:info Retry 0: Received a response from request a31ceb03-34f9-41fb-861d-075079af57c4
azure:core-rest-pipeline retryPolicy:info Retry 0: Processing 2 retry strategies.
azure:core-rest-pipeline retryPolicy:info Retry 0: Processing retry strategy throttlingRetryStrategy.
azure:core-rest-pipeline retryPolicy:info Retry 0: Skipped.
azure:core-rest-pipeline retryPolicy:info Retry 0: Processing retry strategy exponentialRetryStrategy.
azure:core-rest-pipeline retryPolicy:info Retry 0: Skipped.
azure:core-rest-pipeline retryPolicy:info None of the retry strategies could work with the received response. Returning it.
azure:core-rest-pipeline retryPolicy:info Retry 0: Attempting to send request ae14258d-b125-421b-91fa-4ac4e56221db
azure:core-rest-pipeline:info Request: {
  "url": "https://login.microsoftonline.com/15e3f637-fd1f-4e29-a2aa-4a945768e129/v2.0/.well-known/openid-configuration",
  "headers": {
    "accept-encoding": "gzip,deflate",
    "user-agent": "azsdk-js-identity/2.0.5 core-rest-pipeline/1.9.0 Node/v16.10.0 OS/(x64-Linux-5.4.0-1085-azure)",
    "x-ms-client-request-id": "ae14258d-b125-421b-91fa-4ac4e56221db"
  },
  "method": "GET",
  "timeout": 0,
  "disableKeepAlive": false,
  "withCredentials": false,
  "abortSignal": {},
  "requestId": "ae14258d-b125-421b-91fa-4ac4e56221db",
  "allowInsecureConnection": false,
  "enableBrowserStreams": false
}
azure:core-rest-pipeline:info Response status code: 200
azure:core-rest-pipeline:info Headers: {
  "cache-control": "max-age=86400, private",
  "content-type": "application/json; charset=utf-8",
  "strict-transport-security": "max-age=31536000; includeSubDomains",
  "x-content-type-options": "nosniff",
  "access-control-allow-origin": "*",
  "access-control-allow-methods": "GET, OPTIONS",
  "p3p": "CP=\"DSP CUR OTPi IND OTRi ONL FIN\"",
  "x-ms-request-id": "cdd99969-3ef8-45d6-8791-afc7c2ca3800",
  "x-ms-ests-server": "2.1.13777.6 - AUELR1 ProdSlices",
  "x-xss-protection": "0",
  "set-cookie": "fpc=AiPLFGEKR5xJtJ7FSRGODsA; expires=Wed, 02-Nov-2022 13:30:11 GMT; path=/; secure; HttpOnly; SameSite=None",
  "date": "Mon, 03 Oct 2022 13:30:11 GMT",
  "content-length": "980"
}
azure:core-rest-pipeline retryPolicy:info Retry 0: Received a response from request 8a402ee1-14ac-44e6-a922-1a6c7418d5a5
azure:core-rest-pipeline retryPolicy:info Retry 0: Processing 2 retry strategies.
azure:core-rest-pipeline retryPolicy:info Retry 0: Processing retry strategy throttlingRetryStrategy.
azure:core-rest-pipeline retryPolicy:info Retry 0: Skipped.
azure:core-rest-pipeline retryPolicy:info Retry 0: Processing retry strategy exponentialRetryStrategy.
azure:core-rest-pipeline retryPolicy:info Retry 0: Skipped.
azure:core-rest-pipeline retryPolicy:info None of the retry strategies could work with the received response. Returning it.
azure:core-rest-pipeline retryPolicy:info Retry 0: Attempting to send request 93918c9a-e94b-4ede-9df6-921d897bff63
azure:core-rest-pipeline:info Request: {
  "url": "https://login.microsoftonline.com/15e3f637-fd1f-4e29-a2aa-4a945768e129/v2.0/.well-known/openid-configuration",
  "headers": {
    "accept-encoding": "gzip,deflate",
    "user-agent": "azsdk-js-identity/2.0.5 core-rest-pipeline/1.9.0 Node/v16.10.0 OS/(x64-Linux-5.4.0-1085-azure)",
    "x-ms-client-request-id": "93918c9a-e94b-4ede-9df6-921d897bff63"
  },
  "method": "GET",
  "timeout": 0,
  "disableKeepAlive": false,
  "withCredentials": false,
  "abortSignal": {},
  "requestId": "93918c9a-e94b-4ede-9df6-921d897bff63",
  "allowInsecureConnection": false,
  "enableBrowserStreams": false
}
azure:core-rest-pipeline:info Response status code: 200
azure:core-rest-pipeline:info Headers: {
  "cache-control": "max-age=86400, private",
  "content-type": "application/json; charset=utf-8",
  "strict-transport-security": "max-age=31536000; includeSubDomains",
  "x-content-type-options": "nosniff",
  "access-control-allow-origin": "*",
  "access-control-allow-methods": "GET, OPTIONS",
  "p3p": "CP=\"DSP CUR OTPi IND OTRi ONL FIN\"",
  "x-ms-request-id": "c68822df-b083-4116-8d73-225b72ac7c00",
  "x-ms-ests-server": "2.1.13777.6 - NEULR2 ProdSlices",
  "x-xss-protection": "0",
  "set-cookie": "fpc=AmLn2CkJTD1Mu_nm5SnSLnI; expires=Wed, 02-Nov-2022 13:30:12 GMT; path=/; secure; HttpOnly; SameSite=None",
  "date": "Mon, 03 Oct 2022 13:30:12 GMT",
  "content-length": "1753"
}
azure:core-rest-pipeline retryPolicy:info Retry 0: Received a response from request f0d0bbc4-3ea0-41ad-8a63-0c15e67abd58
azure:core-rest-pipeline retryPolicy:info Retry 0: Processing 2 retry strategies.
azure:core-rest-pipeline retryPolicy:info Retry 0: Processing retry strategy throttlingRetryStrategy.
azure:core-rest-pipeline retryPolicy:info Retry 0: Skipped.
azure:core-rest-pipeline retryPolicy:info Retry 0: Processing retry strategy exponentialRetryStrategy.
azure:core-rest-pipeline retryPolicy:info Retry 0: Skipped.
azure:core-rest-pipeline retryPolicy:info None of the retry strategies could work with the received response. Returning it.
azure:core-rest-pipeline retryPolicy:info Retry 0: Attempting to send request c386204d-2eb0-45bd-b057-fdce9fbc1b68
azure:core-rest-pipeline:info Request: {
  "url": "https://login.microsoftonline.com/15e3f637-fd1f-4e29-a2aa-4a945768e129/oauth2/v2.0/token",
  "headers": {
    "content-type": "application/x-www-form-urlencoded;charset=utf-8",
    "accept-encoding": "gzip,deflate",
    "user-agent": "azsdk-js-identity/2.0.5 core-rest-pipeline/1.9.0 Node/v16.10.0 OS/(x64-Linux-5.4.0-1085-azure)",
    "x-ms-client-request-id": "c386204d-2eb0-45bd-b057-fdce9fbc1b68"
  },
  "method": "POST",
  "timeout": 0,
  "disableKeepAlive": false,
  "withCredentials": false,
  "abortSignal": {},
  "requestId": "c386204d-2eb0-45bd-b057-fdce9fbc1b68",
  "allowInsecureConnection": false,
  "enableBrowserStreams": false
}
azure:core-rest-pipeline:info Response status code: 200
azure:core-rest-pipeline:info Headers: {
  "cache-control": "max-age=86400, private",
  "content-type": "application/json; charset=utf-8",
  "strict-transport-security": "max-age=31536000; includeSubDomains",
  "x-content-type-options": "nosniff",
  "access-control-allow-origin": "*",
  "access-control-allow-methods": "GET, OPTIONS",
  "p3p": "CP=\"DSP CUR OTPi IND OTRi ONL FIN\"",
  "x-ms-request-id": "5564501a-9074-43e2-bba1-8f2a619b6800",
  "x-ms-ests-server": "2.1.13777.6 - NEULR2 ProdSlices",
  "x-xss-protection": "0",
  "set-cookie": "fpc=Ai6RF_qlhgdLn7cWd-d6okk; expires=Wed, 02-Nov-2022 13:30:12 GMT; path=/; secure; HttpOnly; SameSite=None",
  "date": "Mon, 03 Oct 2022 13:30:11 GMT",
  "content-length": "1753"
}
azure:core-rest-pipeline retryPolicy:info Retry 0: Received a response from request ae14258d-b125-421b-91fa-4ac4e56221db
azure:core-rest-pipeline retryPolicy:info Retry 0: Processing 2 retry strategies.
azure:core-rest-pipeline retryPolicy:info Retry 0: Processing retry strategy throttlingRetryStrategy.
azure:core-rest-pipeline retryPolicy:info Retry 0: Skipped.
azure:core-rest-pipeline retryPolicy:info Retry 0: Processing retry strategy exponentialRetryStrategy.
azure:core-rest-pipeline retryPolicy:info Retry 0: Skipped.
azure:core-rest-pipeline retryPolicy:info None of the retry strategies could work with the received response. Returning it.
azure:core-rest-pipeline retryPolicy:info Retry 0: Attempting to send request 4f97815f-1eb3-4964-90f8-412dc76faf13
azure:core-rest-pipeline:info Request: {
  "url": "https://login.microsoftonline.com/15e3f637-fd1f-4e29-a2aa-4a945768e129/oauth2/v2.0/token",
  "headers": {
    "content-type": "application/x-www-form-urlencoded;charset=utf-8",
    "accept-encoding": "gzip,deflate",
    "user-agent": "azsdk-js-identity/2.0.5 core-rest-pipeline/1.9.0 Node/v16.10.0 OS/(x64-Linux-5.4.0-1085-azure)",
    "x-ms-client-request-id": "4f97815f-1eb3-4964-90f8-412dc76faf13"
  },
  "method": "POST",
  "timeout": 0,
  "disableKeepAlive": false,
  "withCredentials": false,
  "abortSignal": {},
  "requestId": "4f97815f-1eb3-4964-90f8-412dc76faf13",
  "allowInsecureConnection": false,
  "enableBrowserStreams": false
}
azure:core-rest-pipeline:info Response status code: 200
azure:core-rest-pipeline:info Headers: {
  "cache-control": "no-store, no-cache",
  "pragma": "no-cache",
  "content-type": "application/json; charset=utf-8",
  "expires": "-1",
  "strict-transport-security": "max-age=31536000; includeSubDomains",
  "x-content-type-options": "nosniff",
  "p3p": "CP=\"DSP CUR OTPi IND OTRi ONL FIN\"",
  "x-ms-request-id": "761bcc4a-53ba-4397-b8e3-9e63d08b7e00",
  "x-ms-ests-server": "2.1.13777.6 - NEULR2 ProdSlices",
  "x-ms-clitelem": "1,0,0,,",
  "x-xss-protection": "0",
  "set-cookie": "fpc=AuelsuNJn05NpgccYgunAy0O26lKAQAAAOPazNoOAAAA; expires=Wed, 02-Nov-2022 13:30:12 GMT; path=/; secure; HttpOnly; SameSite=None",
  "date": "Mon, 03 Oct 2022 13:30:12 GMT",
  "content-length": "1313"
}
azure:core-rest-pipeline retryPolicy:info Retry 0: Received a response from request c386204d-2eb0-45bd-b057-fdce9fbc1b68
azure:core-rest-pipeline retryPolicy:info Retry 0: Processing 2 retry strategies.
azure:core-rest-pipeline retryPolicy:info Retry 0: Processing retry strategy throttlingRetryStrategy.
azure:core-rest-pipeline retryPolicy:info Retry 0: Skipped.
azure:core-rest-pipeline retryPolicy:info Retry 0: Processing retry strategy exponentialRetryStrategy.
azure:core-rest-pipeline retryPolicy:info Retry 0: Skipped.
azure:core-rest-pipeline retryPolicy:info None of the retry strategies could work with the received response. Returning it.
azure:identity:info ClientSecretCredential => getToken() => SUCCESS. Scopes: https://vault.azure.net/.default.
azure:identity:info EnvironmentCredential => getToken() => SUCCESS. Scopes: https://vault.azure.net/.default.
azure:identity:info ChainedTokenCredential => getToken() => Result for EnvironmentCredential: SUCCESS. Scopes: https://vault.azure.net/.default.
azure:keyvault-secrets:info Request: {
  "streamResponseStatusCodes": {},
  "url": "https://aemo-vc-vault.vault.azure.net/secrets/ddhubtest1-certificate-ca-certificate/?api-version=7.3",
  "method": "GET",
  "headers": {
    "_headersMap": {
      "accept": "application/json",
      "user-agent": "azsdk-js-keyvault-secrets/4.4.0 core-http/2.2.5 Node/v16.10.0 OS/(x64-Linux-5.4.0-1085-azure)",
      "x-ms-client-request-id": "56a610d5-a7ae-4bcc-854b-21be16b66e05",
      "cookie": "REDACTED",
      "authorization": "REDACTED"
    }
  },
  "withCredentials": false,
  "timeout": 0,
  "keepAlive": true,
  "requestId": "56a610d5-a7ae-4bcc-854b-21be16b66e05"
}
azure:core-rest-pipeline:info Response status code: 200
azure:core-rest-pipeline:info Headers: {
  "cache-control": "no-store, no-cache",
  "pragma": "no-cache",
  "content-type": "application/json; charset=utf-8",
  "expires": "-1",
  "strict-transport-security": "max-age=31536000; includeSubDomains",
  "x-content-type-options": "nosniff",
  "p3p": "CP=\"DSP CUR OTPi IND OTRi ONL FIN\"",
  "x-ms-request-id": "8eef4cb9-d94b-4096-86a4-fa0b00461500",
  "x-ms-ests-server": "2.1.13777.6 - NEULR1 ProdSlices",
  "x-ms-clitelem": "1,0,0,,",
  "x-xss-protection": "0",
  "set-cookie": "fpc=AvqOdeEsY99Opqc-Ow26XRsO26lKAQAAAOPazNoOAAAA; expires=Wed, 02-Nov-2022 13:30:12 GMT; path=/; secure; HttpOnly; SameSite=None",
  "date": "Mon, 03 Oct 2022 13:30:11 GMT",
  "content-length": "1313"
}
azure:core-rest-pipeline retryPolicy:info Retry 0: Received a response from request 4f97815f-1eb3-4964-90f8-412dc76faf13
azure:core-rest-pipeline retryPolicy:info Retry 0: Processing 2 retry strategies.
azure:core-rest-pipeline retryPolicy:info Retry 0: Processing retry strategy throttlingRetryStrategy.
azure:core-rest-pipeline retryPolicy:info Retry 0: Skipped.
azure:core-rest-pipeline retryPolicy:info Retry 0: Processing retry strategy exponentialRetryStrategy.
azure:core-rest-pipeline retryPolicy:info Retry 0: Skipped.
azure:core-rest-pipeline retryPolicy:info None of the retry strategies could work with the received response. Returning it.
azure:identity:info ClientSecretCredential => getToken() => SUCCESS. Scopes: https://vault.azure.net/.default.
azure:identity:info EnvironmentCredential => getToken() => SUCCESS. Scopes: https://vault.azure.net/.default.
azure:identity:info ChainedTokenCredential => getToken() => Result for EnvironmentCredential: SUCCESS. Scopes: https://vault.azure.net/.default.
azure:keyvault-secrets:info Request: {
  "streamResponseStatusCodes": {},
  "url": "https://aemo-vc-vault.vault.azure.net/secrets/ddhubtest1-rsa-key/?api-version=7.3",
  "method": "GET",
  "headers": {
    "_headersMap": {
      "accept": "application/json",
      "user-agent": "azsdk-js-keyvault-secrets/4.4.0 core-http/2.2.5 Node/v16.10.0 OS/(x64-Linux-5.4.0-1085-azure)",
      "x-ms-client-request-id": "b7ed70d7-544a-42a9-b690-1200f475f3f9",
      "cookie": "REDACTED",
      "authorization": "REDACTED"
    }
  },
  "withCredentials": false,
  "timeout": 0,
  "keepAlive": true,
  "requestId": "b7ed70d7-544a-42a9-b690-1200f475f3f9"
}
azure:keyvault-secrets:info Response status code: 404
azure:keyvault-secrets:info Headers: {
  "_headersMap": {
    "cache-control": "no-cache",
    "content-length": "334",
    "content-type": "application/json; charset=utf-8",
    "date": "Mon, 03 Oct 2022 13:30:12 GMT",
    "expires": "-1",
    "pragma": "no-cache",
    "strict-transport-security": "REDACTED",
    "x-content-type-options": "REDACTED",
    "x-ms-client-request-id": "56a610d5-a7ae-4bcc-854b-21be16b66e05",
    "x-ms-keyvault-network-info": "conn_type=Ipv4;addr=20.193.14.12;act_addr_fam=InterNetwork;",
    "x-ms-keyvault-region": "eastus",
    "x-ms-keyvault-service-version": "1.9.538.1",
    "x-ms-request-id": "cbd8b825-b4db-4afc-8f54-2a2f5fdbc182"
  }
}
azure:keyvault-secrets:info Response status code: 200
azure:keyvault-secrets:info Headers: {
  "_headersMap": {
    "cache-control": "no-cache",
    "content-length": "3630",
    "content-type": "application/json; charset=utf-8",
    "date": "Mon, 03 Oct 2022 13:30:12 GMT",
    "expires": "-1",
    "pragma": "no-cache",
    "strict-transport-security": "REDACTED",
    "x-content-type-options": "REDACTED",
    "x-ms-client-request-id": "b7ed70d7-544a-42a9-b690-1200f475f3f9",
    "x-ms-keyvault-network-info": "conn_type=Ipv4;addr=20.193.14.12;act_addr_fam=InterNetwork;",
    "x-ms-keyvault-region": "eastus",
    "x-ms-keyvault-service-version": "1.9.538.1",
    "x-ms-request-id": "9cda9897-4a97-4eaf-b518-b8faf49d0741"
  }
}
azure:core-rest-pipeline:info Response status code: 200
azure:core-rest-pipeline:info Headers: {
  "cache-control": "max-age=86400, private",
  "content-type": "application/json; charset=utf-8",
  "strict-transport-security": "max-age=31536000; includeSubDomains",
  "x-content-type-options": "nosniff",
  "access-control-allow-origin": "*",
  "access-control-allow-methods": "GET, OPTIONS",
  "p3p": "CP=\"DSP CUR OTPi IND OTRi ONL FIN\"",
  "x-ms-request-id": "c5ab84ac-8901-40be-ac8d-9c44c23a7300",
  "x-ms-ests-server": "2.1.13777.6 - WEULR1 ProdSlices",
  "x-xss-protection": "0",
  "set-cookie": "fpc=Auiv_-X0G8JLifG25yQa_m4; expires=Wed, 02-Nov-2022 13:30:12 GMT; path=/; secure; HttpOnly; SameSite=None",
  "date": "Mon, 03 Oct 2022 13:30:12 GMT",
  "content-length": "1753"
}
azure:core-rest-pipeline retryPolicy:info Retry 0: Received a response from request 5830d177-715e-42e0-9aa9-3e977532a567
azure:core-rest-pipeline retryPolicy:info Retry 0: Processing 2 retry strategies.
azure:core-rest-pipeline retryPolicy:info Retry 0: Processing retry strategy throttlingRetryStrategy.
azure:core-rest-pipeline retryPolicy:info Retry 0: Skipped.
azure:core-rest-pipeline retryPolicy:info Retry 0: Processing retry strategy exponentialRetryStrategy.
azure:core-rest-pipeline retryPolicy:info Retry 0: Skipped.
azure:core-rest-pipeline retryPolicy:info None of the retry strategies could work with the received response. Returning it.
azure:identity:info ClientSecretCredential => getToken() => SUCCESS. Scopes: https://vault.azure.net/.default.
azure:identity:info EnvironmentCredential => getToken() => SUCCESS. Scopes: https://vault.azure.net/.default.
azure:identity:info ChainedTokenCredential => getToken() => Result for EnvironmentCredential: SUCCESS. Scopes: https://vault.azure.net/.default.
azure:keyvault-secrets:info Request: {
  "streamResponseStatusCodes": {},
  "url": "https://aemo-vc-vault.vault.azure.net/secrets/ddhubtest1-certificate-private-key/?api-version=7.3",
  "method": "GET",
  "headers": {
    "_headersMap": {
      "accept": "application/json",
      "user-agent": "azsdk-js-keyvault-secrets/4.4.0 core-http/2.2.5 Node/v16.10.0 OS/(x64-Linux-5.4.0-1085-azure)",
      "x-ms-client-request-id": "dc1b834a-4281-44ec-9c3e-1d50faac4c7b",
      "cookie": "REDACTED",
      "authorization": "REDACTED"
    }
  },
  "withCredentials": false,
  "timeout": 0,
  "keepAlive": true,
  "requestId": "dc1b834a-4281-44ec-9c3e-1d50faac4c7b"
}
azure:core-rest-pipeline:info Response status code: 200
azure:core-rest-pipeline:info Headers: {
  "cache-control": "max-age=86400, private",
  "content-type": "application/json; charset=utf-8",
  "strict-transport-security": "max-age=31536000; includeSubDomains",
  "x-content-type-options": "nosniff",
  "access-control-allow-origin": "*",
  "access-control-allow-methods": "GET, OPTIONS",
  "p3p": "CP=\"DSP CUR OTPi IND OTRi ONL FIN\"",
  "x-ms-request-id": "bf210a5a-9eda-4139-bc05-8fa0af597700",
  "x-ms-ests-server": "2.1.13777.6 - WEULR1 ProdSlices",
  "x-xss-protection": "0",
  "set-cookie": "fpc=AgUKdLpm-olKk3iWbODMiII; expires=Wed, 02-Nov-2022 13:30:12 GMT; path=/; secure; HttpOnly; SameSite=None",
  "date": "Mon, 03 Oct 2022 13:30:12 GMT",
  "content-length": "1753"
}
azure:core-rest-pipeline retryPolicy:info Retry 0: Received a response from request 9557a606-b514-48a5-a6e3-7263dd55b9c2
azure:core-rest-pipeline retryPolicy:info Retry 0: Processing 2 retry strategies.
azure:core-rest-pipeline retryPolicy:info Retry 0: Processing retry strategy throttlingRetryStrategy.
azure:core-rest-pipeline retryPolicy:info Retry 0: Skipped.
azure:core-rest-pipeline retryPolicy:info Retry 0: Processing retry strategy exponentialRetryStrategy.
azure:core-rest-pipeline retryPolicy:info Retry 0: Skipped.
azure:core-rest-pipeline retryPolicy:info None of the retry strategies could work with the received response. Returning it.
azure:identity:info ClientSecretCredential => getToken() => SUCCESS. Scopes: https://vault.azure.net/.default.
azure:identity:info EnvironmentCredential => getToken() => SUCCESS. Scopes: https://vault.azure.net/.default.
azure:identity:info ChainedTokenCredential => getToken() => Result for EnvironmentCredential: SUCCESS. Scopes: https://vault.azure.net/.default.
azure:keyvault-secrets:info Request: {
  "streamResponseStatusCodes": {},
  "url": "https://aemo-vc-vault.vault.azure.net/secrets/ddhubtest1-identity-private-key/?api-version=7.3",
  "method": "GET",
  "headers": {
    "_headersMap": {
      "accept": "application/json",
      "user-agent": "azsdk-js-keyvault-secrets/4.4.0 core-http/2.2.5 Node/v16.10.0 OS/(x64-Linux-5.4.0-1085-azure)",
      "x-ms-client-request-id": "f34d59c8-1233-46e7-8560-697da90eed02",
      "cookie": "REDACTED",
      "authorization": "REDACTED"
    }
  },
  "withCredentials": false,
  "timeout": 0,
  "keepAlive": true,
  "requestId": "f34d59c8-1233-46e7-8560-697da90eed02"
}
azure:core-rest-pipeline:info Response status code: 200
azure:core-rest-pipeline:info Headers: {
  "cache-control": "max-age=86400, private",
  "content-type": "application/json; charset=utf-8",
  "strict-transport-security": "max-age=31536000; includeSubDomains",
  "x-content-type-options": "nosniff",
  "access-control-allow-origin": "*",
  "access-control-allow-methods": "GET, OPTIONS",
  "p3p": "CP=\"DSP CUR OTPi IND OTRi ONL FIN\"",
  "x-ms-request-id": "91b4e208-791a-46bc-9878-3dc0596b7d00",
  "x-ms-ests-server": "2.1.13777.6 - NEULR1 ProdSlices",
  "x-xss-protection": "0",
  "set-cookie": "fpc=AoUVtaHtu_JApOBWqgYA6XU; expires=Wed, 02-Nov-2022 13:30:12 GMT; path=/; secure; HttpOnly; SameSite=None",
  "date": "Mon, 03 Oct 2022 13:30:12 GMT",
  "content-length": "1753"
}
azure:core-rest-pipeline retryPolicy:info Retry 0: Received a response from request 93918c9a-e94b-4ede-9df6-921d897bff63
azure:core-rest-pipeline retryPolicy:info Retry 0: Processing 2 retry strategies.
azure:core-rest-pipeline retryPolicy:info Retry 0: Processing retry strategy throttlingRetryStrategy.
azure:core-rest-pipeline retryPolicy:info Retry 0: Skipped.
azure:core-rest-pipeline retryPolicy:info Retry 0: Processing retry strategy exponentialRetryStrategy.
azure:core-rest-pipeline retryPolicy:info Retry 0: Skipped.
azure:core-rest-pipeline retryPolicy:info None of the retry strategies could work with the received response. Returning it.
azure:identity:info ClientSecretCredential => getToken() => SUCCESS. Scopes: https://vault.azure.net/.default.
azure:identity:info EnvironmentCredential => getToken() => SUCCESS. Scopes: https://vault.azure.net/.default.
azure:identity:info ChainedTokenCredential => getToken() => Result for EnvironmentCredential: SUCCESS. Scopes: https://vault.azure.net/.default.
azure:keyvault-secrets:info Request: {
  "streamResponseStatusCodes": {},
  "url": "https://aemo-vc-vault.vault.azure.net/secrets/ddhubtest1-certificate-certificate/?api-version=7.3",
  "method": "GET",
  "headers": {
    "_headersMap": {
      "accept": "application/json",
      "user-agent": "azsdk-js-keyvault-secrets/4.4.0 core-http/2.2.5 Node/v16.10.0 OS/(x64-Linux-5.4.0-1085-azure)",
      "x-ms-client-request-id": "78ddc870-c11f-46bd-b972-0ee44c296635",
      "cookie": "REDACTED",
      "authorization": "REDACTED"
    }
  },
  "withCredentials": false,
  "timeout": 0,
  "keepAlive": true,
  "requestId": "78ddc870-c11f-46bd-b972-0ee44c296635"
}
azure:keyvault-secrets:info Response status code: 404
azure:keyvault-secrets:info Headers: {
  "_headersMap": {
    "cache-control": "no-cache",
    "content-length": "331",
    "content-type": "application/json; charset=utf-8",
    "date": "Mon, 03 Oct 2022 13:30:12 GMT",
    "expires": "-1",
    "pragma": "no-cache",
    "strict-transport-security": "REDACTED",
    "x-content-type-options": "REDACTED",
    "x-ms-client-request-id": "dc1b834a-4281-44ec-9c3e-1d50faac4c7b",
    "x-ms-keyvault-network-info": "conn_type=Ipv4;addr=20.193.14.12;act_addr_fam=InterNetwork;",
    "x-ms-keyvault-region": "eastus",
    "x-ms-keyvault-service-version": "1.9.538.1",
    "x-ms-request-id": "3c6a1fd9-b81d-4172-bb74-c9a9f9b975fe"
  }
}
azure:keyvault-secrets:info Response status code: 200
azure:keyvault-secrets:info Headers: {
  "_headersMap": {
    "cache-control": "no-cache",
    "content-length": "327",
    "content-type": "application/json; charset=utf-8",
    "date": "Mon, 03 Oct 2022 13:30:12 GMT",
    "expires": "-1",
    "pragma": "no-cache",
    "strict-transport-security": "REDACTED",
    "x-content-type-options": "REDACTED",
    "x-ms-client-request-id": "f34d59c8-1233-46e7-8560-697da90eed02",
    "x-ms-keyvault-network-info": "conn_type=Ipv4;addr=20.193.14.12;act_addr_fam=InterNetwork;",
    "x-ms-keyvault-region": "eastus",
    "x-ms-keyvault-service-version": "1.9.538.1",
    "x-ms-request-id": "98868a4f-9218-4f23-812f-0c6ebd300330"
  }
}
azure:keyvault-secrets:info Response status code: 404
azure:keyvault-secrets:info Headers: {
  "_headersMap": {
    "cache-control": "no-cache",
    "content-length": "331",
    "content-type": "application/json; charset=utf-8",
    "date": "Mon, 03 Oct 2022 13:30:12 GMT",
    "expires": "-1",
    "pragma": "no-cache",
    "strict-transport-security": "REDACTED",
    "x-content-type-options": "REDACTED",
    "x-ms-client-request-id": "78ddc870-c11f-46bd-b972-0ee44c296635",
    "x-ms-keyvault-network-info": "conn_type=Ipv4;addr=20.193.14.12;act_addr_fam=InterNetwork;",
    "x-ms-keyvault-region": "eastus",
    "x-ms-keyvault-service-version": "1.9.538.1",
    "x-ms-request-id": "6dc3d408-0100-4bea-85bf-86a320dd2a7c"
  }
}
[Nest] 1  - 10/03/2022, 1:30:13 PM   ERROR [AzureKeyVaultService_1] A secret with (name/id) ddhubtest1-certificate-private-key was not found in this key vault. If you recently deleted this secret you may be able to recover it using the correct recovery command. For help resolving this issue, please see https://go.microsoft.com/fwlink/?linkid=2125182, A secret with (name/id) ddhubtest1-certificate-certificate was not found in this key vault. If you recently deleted this secret you may be able to recover it using the correct recovery command. For help resolving this issue, please see https://go.microsoft.com/fwlink/?linkid=2125182, A secret with (name/id) ddhubtest1-certificate-ca-certificate was not found in this key vault. If you recently deleted this secret you may be able to recover it using the correct recovery command. For help resolving this issue, please see https://go.microsoft.com/fwlink/?linkid=2125182
[Nest] 1  - 10/03/2022, 1:30:13 PM     LOG [InstanceLoader] SecretsEngineModule dependencies initialized +10ms
[Nest] 1  - 10/03/2022, 1:30:13 PM     LOG [InstanceLoader] IamModule dependencies initialized +2ms
[Nest] 1  - 10/03/2022, 1:30:13 PM     LOG [InstanceLoader] DdhubClientGatewayIdentityModule dependencies initialized +1ms
[Nest] 1  - 10/03/2022, 1:30:13 PM     LOG [InstanceLoader] AppModule dependencies initialized +1ms
[Nest] 1  - 10/03/2022, 1:30:13 PM     LOG [InstanceLoader] DdhubClientGatewayTlsAgentModule dependencies initialized +1ms
[Nest] 1  - 10/03/2022, 1:30:13 PM     LOG [InstanceLoader] DidAuthModule dependencies initialized +0ms
[Nest] 1  - 10/03/2022, 1:30:13 PM     LOG [InstanceLoader] DdhubClientGatewayMessageBrokerModule dependencies initialized +7ms
[Nest] 1  - 10/03/2022, 1:30:13 PM     LOG [InstanceLoader] DdhubClientGatewayClientsModule dependencies initialized +2ms
[Nest] 1  - 10/03/2022, 1:30:13 PM     LOG [InstanceLoader] DdhubClientGatewayEncryptionModule dependencies initialized +0ms
[Nest] 1  - 10/03/2022, 1:30:13 PM     LOG [InstanceLoader] ApplicationModule dependencies initialized +1ms
[Nest] 1  - 10/03/2022, 1:30:13 PM     LOG [InstanceLoader] TopicModule dependencies initialized +4ms
[Nest] 1  - 10/03/2022, 1:30:13 PM     LOG [InstanceLoader] DidModule dependencies initialized +2ms
[Nest] 1  - 10/03/2022, 1:30:13 PM     LOG [InstanceLoader] ClientsModule dependencies initialized +2ms
[Nest] 1  - 10/03/2022, 1:30:13 PM     LOG [InstanceLoader] KeysModule dependencies initialized +1ms
[Nest] 1  - 10/03/2022, 1:30:13 PM   DEBUG [SecretsCacheProxyService_1] getting private key
[Nest] 1  - 10/03/2022, 1:30:13 PM     LOG [IamInitService_1] Initializing IAM using stored private key
[Nest] 1  - 10/03/2022, 1:30:13 PM     LOG [IamService_1] Initializing IAM connection
[Nest] 1  - 10/03/2022, 1:30:13 PM     LOG [IamFactoryService_1] connecting to cache server
[Nest] 1  - 10/03/2022, 1:30:13 PM     LOG [IamFactoryService_1] [CACHE CLIENT] fetching authorization status
[Nest] 1  - 10/03/2022, 1:30:14 PM     LOG [IamFactoryService_1] [CACHE CLIENT] authorization status: FAIL
[Nest] 1  - 10/03/2022, 1:30:14 PM     LOG [IamFactoryService_1] [CACHE CLIENT] obtaining new tokens
[Nest] 1  - 10/03/2022, 1:30:16 PM     LOG [IamFactoryService_1] [CACHE CLIENT] authenticated
[Nest] 1  - 10/03/2022, 1:30:21 PM     LOG [IamFactoryService_1] connected to iam cache server, connecting to did registry
[Nest] 1  - 10/03/2022, 1:30:25 PM     LOG [IamFactoryService_1] connected to did registry, iam setup finalized
[Nest] 1  - 10/03/2022, 1:30:25 PM   DEBUG [SecretsCacheProxyService_1] getting private key
[Nest] 1  - 10/03/2022, 1:30:25 PM     LOG [AppInitService_1] Initializing IAM
[Nest] 1  - 10/03/2022, 1:30:25 PM     LOG [IamService_1] Initializing IAM connection
[Nest] 1  - 10/03/2022, 1:30:26 PM     LOG [IamFactoryService_1] connecting to cache server
[Nest] 1  - 10/03/2022, 1:30:26 PM     LOG [IamFactoryService_1] [CACHE CLIENT] fetching authorization status
[Nest] 1  - 10/03/2022, 1:30:26 PM     LOG [IamFactoryService_1] [CACHE CLIENT] authorization status: FAIL
[Nest] 1  - 10/03/2022, 1:30:26 PM     LOG [IamFactoryService_1] [CACHE CLIENT] obtaining new tokens
[Nest] 1  - 10/03/2022, 1:30:28 PM     LOG [IamFactoryService_1] [CACHE CLIENT] authenticated
[Nest] 1  - 10/03/2022, 1:30:28 PM     LOG [IamFactoryService_1] connected to iam cache server, connecting to did registry
[Nest] 1  - 10/03/2022, 1:30:29 PM     LOG [IamFactoryService_1] connected to did registry, iam setup finalized
[Nest] 1  - 10/03/2022, 1:30:29 PM   DEBUG [SecretsCacheProxyService_1] getting certificate details
[Nest] 1  - 10/03/2022, 1:30:29 PM     LOG [TlsAgentService_1] https agent configured
[Nest] 1  - 10/03/2022, 1:30:29 PM     LOG [DidListenerService_1] Listening for DID Attribute changees
[Nest] 1  - 10/03/2022, 1:30:29 PM     LOG [DeleteOldTopicsService_1] fetching all available applications
[Nest] 1  - 10/03/2022, 1:30:29 PM   DEBUG [DdhubLogService_1] {"method":"get","status":401,"url":"/topics/6336d967466618700480876e/versions","message":"Request failed with status code 401","responseBody":"<html>\r\n<head><title>401 Authorization Required</title></head>\r\n<body>\r\n<center><h1>401 Authorization Required</h1></center>\r\n<hr><center>nginx</center>\r\n</body>\r\n</html>\r\n","httpsAgent":true}
[Nest] 1  - 10/03/2022, 1:30:29 PM   ERROR [DdhubTopicsService_1] Request failed
/topics/6336d967466618700480876e/versions
[Nest] 1  - 10/03/2022, 1:30:29 PM   ERROR [DdhubTopicsService_1] <html>
<head><title>401 Authorization Required</title></head>
<body>
<center><h1>401 Authorization Required</h1></center>
<hr><center>nginx</center>
</body>
</html>

[Nest] 1  - 10/03/2022, 1:30:29 PM     LOG [DdhubTopicsService_1] Unauthorized, attempting to login
[Nest] 1  - 10/03/2022, 1:30:29 PM     LOG [DdhubLoginService_1] Attempting to login... with source UNAUTHORIZED
[Nest] 1  - 10/03/2022, 1:30:29 PM   DEBUG [SecretsCacheProxyService_1] getting private key
[Nest] 1  - 10/03/2022, 1:30:29 PM     LOG [DdhubLoginService_1] [ddhub_mb_login] Attempting to login to DID Auth Server #1
[Nest] 1  - 10/03/2022, 1:30:29 PM     LOG [DidAuthService_1] Attempting to login
[Nest] 1  - 10/03/2022, 1:30:32 PM     LOG [DdhubLoginService_1] Login successful, attempting to init ext channel
[Nest] 1  - 10/03/2022, 1:30:32 PM   DEBUG [SecretsCacheProxyService_1] getting certificate details
[Nest] 1  - 10/03/2022, 1:30:32 PM     LOG [TlsAgentService_1] https agent configured
[Nest] 1  - 10/03/2022, 1:30:32 PM     LOG [DdhubLoginService_1] Init ext channel successful
[Nest] 1  - 10/03/2022, 1:30:33 PM   ERROR [DdhubTopicsService_1] Get topic with topicId: 6336d967466618700480876e successful
[Nest] 1  - 10/03/2022, 1:30:33 PM   DEBUG [SecretsCacheProxyService_1] getting private key
[Nest] 1  - 10/03/2022, 1:30:34 PM     LOG [EnrolmentService_1] creating new enrolment
[Nest] 1  - 10/03/2022, 1:30:35 PM     LOG [IamFactoryService_1] Getting DID document for did:ethr:volta:0xaCE22e57dc9aCD1E21Bc2C746D76ad6F7c137088
[Nest] 1  - 10/03/2022, 1:30:36 PM     LOG [EnrolmentService_1] stored enrolment for did:ethr:volta:0xaCE22e57dc9aCD1E21Bc2C746D76ad6F7c137088
[Nest] 1  - 10/03/2022, 1:30:36 PM     LOG [RoleListenerService_1] All roles are synced, not listening
/usr/app/node_modules/cron/lib/cron.js:551
			onTick = cronTime.onTick;
			                  ^

TypeError: Cannot read properties of undefined (reading 'onTick')
    at new CronJob (/usr/app/node_modules/cron/lib/cron.js:551:22)
    at ClientsService_1.<anonymous> (/usr/app/main.js:1:13953)
    at Generator.next (<anonymous>)
    at /usr/app/node_modules/tslib/tslib.js:118:75
    at new Promise (<anonymous>)
    at __awaiter (/usr/app/node_modules/tslib/tslib.js:114:16)
    at ClientsService_1.onApplicationBootstrap (/usr/app/main.js:1:13791)
    at MapIterator.iteratee (/usr/app/node_modules/@nestjs/core/hooks/on-app-bootstrap.hook.js:22:43)
    at MapIterator.next (/usr/app/node_modules/iterare/lib/map.js:13:39)
    at IteratorWithOperators.next (/usr/app/node_modules/iterare/lib/iterate.js:21:28)
